#
# A fatal error has been detected by the Java Runtime Environment:
#
#  SIGSEGV (0xb) at pc=0x000000010aeb2302, pid=4958, tid=18691
#
# JRE version: Java(TM) SE Runtime Environment (7.0_71-b14) (build 1.7.0_71-b14)
# Java VM: Java HotSpot(TM) 64-Bit Server VM (24.71-b01 mixed mode bsd-amd64 compressed oops)
# Problematic frame:
# V  [libjvm.dylib+0x2b2302]  java_lang_String::length(oopDesc*)+0x54
#
# Failed to write core dump. Core dumps have been disabled. To enable core dumping, try "ulimit -c unlimited" before starting Java again
#
# If you would like to submit a bug report, please visit:
#   http://bugreport.sun.com/bugreport/crash.jsp
#

---------------  T H R E A D  ---------------

Current thread (0x00007fadb281a000):  JavaThread "JDWP Transport Listener: dt_socket" daemon [_thread_in_vm, id=18691, stack(0x000000011c339000,0x000000011c439000)]

siginfo:si_signo=SIGSEGV: si_errno=0, si_code=1 (SEGV_MAPERR), si_addr=0x000000000000000c

Registers:
RAX=0x0000000000000000, RBX=0x00000007ab38d6e8, RCX=0x000000000000000c, RDX=0x0000000000000000
RSP=0x000000011c438a10, RBP=0x000000011c438a10, RSI=0x00007fadb49006c8, RDI=0x00000007ab38d6e8
R8 =0x2f00000000000000, R9 =0x00000000fffffff0, R10=0x0000000000000026, R11=0xffff805369d06400
R12=0x00007fadb281a000, R13=0x00007fadb271b540, R14=0x0000000000000000, R15=0x0000000000000000
RIP=0x000000010aeb2302, EFLAGS=0x0000000000010202, ERR=0x0000000000000004
  TRAPNO=0x000000000000000e

Top of Stack: (sp=0x000000011c438a10)
0x000000011c438a10:   000000011c438a40 000000010aee1c3e
0x000000011c438a20:   0000000000000000 0000000000000000
0x000000011c438a30:   00000007ab38d6e8 00007fadb281a1e8
0x000000011c438a40:   000000011c438ab0 000000010af09506
0x000000011c438a50:   00007fadb281a000 00007fadb281a000
0x000000011c438a60:   0000000000000000 0000000000000000
0x000000011c438a70:   00007fadb281a1e8 00007fadb281a000
0x000000011c438a80:   00007fadb281a000 000000011c438b08
0x000000011c438a90:   00007fadb49006c8 00007fadb271b540
0x000000011c438aa0:   000000011c438c90 00007fadb281a1e8
0x000000011c438ab0:   000000011c438ae0 0000000109b6b4be
0x000000011c438ac0:   000000011c438c90 0000000109b8bdc2
0x000000011c438ad0:   000000011c438b08 0000000109b97588
0x000000011c438ae0:   000000011c438d00 0000000109b72642
0x000000011c438af0:   000007b800000013 0000000000010a00
0x000000011c438b00:   00007fadb2732670 000000011c438b58
0x000000011c438b10:   00007fad0000012c 000000011c438b20
0x000000011c438b20:   00007fad00000000 000000011c438b58
0x000000011c438b30:   0000000000000000 00007f0000000000
0x000000011c438b40:   000007b800000013 00007fff0000af80
0x000000011c438b50:   000000011c438b58 6e69616d04000000
0x000000011c438b60:   1300000000000000 0000000004000000
0x000000011c438b70:   a700000000000000 0400000000000000
0x000000011c438b80:   00000000020c0000 a800000009000000
0x000000011c438b90:   1300000000000000 00000500a9000000
0x000000011c438ba0:   000102003a000000 0006000000000000
0x000000011c438bb0:   00308371b2ad7f00 0004000000000000
0x000000011c438bc0:   0103003a00000000 2200000000000000
0x000000011c438bd0:   088471b2ad7f0000 3d00000000000000
0x000000011c438be0:   04003a0000000000 0000000000000001
0x000000011c438bf0:   8471b2ad7f000022 0000000000000008
0x000000011c438c00:   003a00000000000d 0000000000000105 

Instructions: (pc=0x000000010aeb2302)
0x000000010aeb22e2:   eb 16 48 8d 35 45 85 4c 00 8a 4e 08 48 d3 e2 48
0x000000010aeb22f2:   03 16 eb 04 48 8b 14 0f 84 c0 0f 94 c0 0f b6 c0
0x000000010aeb2302:   8b 44 82 0c 5d c3 8b 04 07 5d c3 90 55 48 89 e5
0x000000010aeb2312:   f6 87 8d 00 00 00 02 75 04 31 ff eb 23 48 63 87 

Register to memory mapping:

RAX=0x0000000000000000 is an unknown value
RBX=0x00000007ab38d6e8 is an oop
java.lang.String 
 - klass: 'java/lang/String'
RCX=0x000000000000000c is an unknown value
RDX=0x0000000000000000 is an unknown value
RSP=0x000000011c438a10 is pointing into the stack for thread: 0x00007fadb281a000
RBP=0x000000011c438a10 is pointing into the stack for thread: 0x00007fadb281a000
RSI=0x00007fadb49006c8 is a global jni handle
RDI=0x00000007ab38d6e8 is an oop
java.lang.String 
 - klass: 'java/lang/String'
R8 =0x2f00000000000000 is an unknown value
R9 =0x00000000fffffff0 is an unknown value
R10=0x0000000000000026 is an unknown value
R11=0xffff805369d06400 is an unknown value
R12=0x00007fadb281a000 is a thread
R13=0x00007fadb271b540 is an unknown value
R14=0x0000000000000000 is an unknown value
R15=0x0000000000000000 is an unknown value


Stack: [0x000000011c339000,0x000000011c439000],  sp=0x000000011c438a10,  free space=1022k
Native frames: (J=compiled Java code, j=interpreted, Vv=VM code, C=native code)
V  [libjvm.dylib+0x2b2302]  java_lang_String::length(oopDesc*)+0x54
V  [libjvm.dylib+0x2e1c3e]  java_lang_String::utf8_length(oopDesc*)+0x38
V  [libjvm.dylib+0x309506]  jni_GetStringUTFChars+0x71
C  [libjdwp.dylib+0x74be]  value+0x96
C  [libjdwp.dylib+0xe642]  debugLoop_run+0x1ce
C  [libjdwp.dylib+0x1f0e2]  attachThread+0x4d
V  [libjvm.dylib+0x3787de]  JvmtiAgentThread::call_start_function()+0x38
V  [libjvm.dylib+0x4f5f69]  JavaThread::thread_main_inner()+0x9b
V  [libjvm.dylib+0x4f7671]  JavaThread::run()+0x1a3
V  [libjvm.dylib+0x420e02]  java_start(Thread*)+0x126
C  [libsystem_pthread.dylib+0x3268]  _pthread_body+0x83
C  [libsystem_pthread.dylib+0x31e5]  _pthread_body+0x0
C  [libsystem_pthread.dylib+0x141d]  thread_start+0xd


---------------  P R O C E S S  ---------------

Java Threads: ( => current thread )
  0x00007fadb500f000 JavaThread "MySQL Statement Cancellation Timer" daemon [_thread_blocked, id=14347, stack(0x000000011cac9000,0x000000011cbc9000)]
  0x00007fadb5010000 JavaThread "Service Thread" daemon [_thread_blocked, id=21251, stack(0x000000011c848000,0x000000011c948000)]
  0x00007fadb4042800 JavaThread "C2 CompilerThread1" daemon [_thread_blocked, id=20739, stack(0x000000011c745000,0x000000011c845000)]
  0x00007fadb3830000 JavaThread "C2 CompilerThread0" daemon [_thread_blocked, id=20227, stack(0x000000011c642000,0x000000011c742000)]
  0x00007fadb4041000 JavaThread "JDWP Command Reader" daemon [_thread_in_native, id=19715, stack(0x000000011c53f000,0x000000011c63f000)]
  0x00007fadb4040000 JavaThread "JDWP Event Helper Thread" daemon [_thread_blocked, id=19203, stack(0x000000011c43c000,0x000000011c53c000)]
=>0x00007fadb281a000 JavaThread "JDWP Transport Listener: dt_socket" daemon [_thread_in_vm, id=18691, stack(0x000000011c339000,0x000000011c439000)]
  0x00007fadb4039800 JavaThread "Signal Dispatcher" daemon [_thread_blocked, id=14859, stack(0x000000011c230000,0x000000011c330000)]
  0x00007fadb2818800 JavaThread "Finalizer" daemon [_thread_blocked, id=13571, stack(0x000000011a902000,0x000000011aa02000)]
  0x00007fadb4010800 JavaThread "Reference Handler" daemon [_thread_blocked, id=13059, stack(0x000000011a7ff000,0x000000011a8ff000)]
  0x00007fadb5000800 JavaThread "main" [_thread_blocked, id=4867, stack(0x0000000109a24000,0x0000000109b24000)]

Other Threads:
  0x00007fadb2818000 VMThread [stack: 0x000000011a6fc000,0x000000011a7fc000] [id=12547]
  0x00007fadb5009000 WatcherThread [stack: 0x000000011c94b000,0x000000011ca4b000] [id=21763]

VM state:not at safepoint (normal execution)

VM Mutex/Monitor currently owned by a thread: None

Heap
 PSYoungGen      total 76800K, used 9503K [0x00000007aaa80000, 0x00000007b0000000, 0x0000000800000000)
  eden space 66048K, 14% used [0x00000007aaa80000,0x00000007ab3c7c38,0x00000007aeb00000)
  from space 10752K, 0% used [0x00000007af580000,0x00000007af580000,0x00000007b0000000)
  to   space 10752K, 0% used [0x00000007aeb00000,0x00000007aeb00000,0x00000007af580000)
 ParOldGen       total 174592K, used 0K [0x0000000700000000, 0x000000070aa80000, 0x00000007aaa80000)
  object space 174592K, 0% used [0x0000000700000000,0x0000000700000000,0x000000070aa80000)
 PSPermGen       total 21504K, used 6447K [0x00000006fae00000, 0x00000006fc300000, 0x0000000700000000)
  object space 21504K, 29% used [0x00000006fae00000,0x00000006fb44bfc0,0x00000006fc300000)

Card table byte_map: [0x000000010e720000,0x000000010ef4a000] byte_map_base: 0x000000010af49000

Polling page: 0x0000000109b63000

Code Cache  [0x000000010b660000, 0x000000010b8d0000, 0x000000010e660000)
 total_blobs=294 nmethods=24 adapters=233 free_code_cache=48656Kb largest_free_block=49799424

Compilation events (10 events):
Event: 8.663 Thread 0x00007fadb3830000 nmethod 20 0x000000010b6cb410 code [0x000000010b6cb540, 0x000000010b6cb5d8]
Event: 8.663 Thread 0x00007fadb4042800 nmethod 19 0x000000010b6cb0d0 code [0x000000010b6cb220, 0x000000010b6cb318]
Event: 8.666 Thread 0x00007fadb3830000   21             java.lang.String::startsWith (72 bytes)
Event: 8.667 Thread 0x00007fadb4042800   22             java.lang.String::length (6 bytes)
Event: 8.667 Thread 0x00007fadb4042800 nmethod 22 0x000000010b6cae50 code [0x000000010b6cafa0, 0x000000010b6cb038]
Event: 8.668 Thread 0x00007fadb3830000 nmethod 21 0x000000010b6d8d90 code [0x000000010b6d8ee0, 0x000000010b6d9178]
Event: 31.234 Thread 0x00007fadb4042800   23             sun.net.www.ParseUtil::encodePath (336 bytes)
Event: 31.248 Thread 0x00007fadb3830000   24             java.lang.String::replace (127 bytes)
Event: 31.252 Thread 0x00007fadb4042800 nmethod 23 0x000000010b6dfb90 code [0x000000010b6dfe00, 0x000000010b6e12e8]
Event: 31.255 Thread 0x00007fadb3830000 nmethod 24 0x000000010b6dde50 code [0x000000010b6ddfc0, 0x000000010b6de4d8]

GC Heap History (0 events):
No events

Deoptimization events (4 events):
Event: 8.624 Thread 0x00007fadb5000800 Uncommon trap: reason=class_check action=maybe_recompile pc=0x000000010b6c5650 method=java.util.Properties$LineReader.readLine()I @ 62
Event: 8.624 Thread 0x00007fadb5000800 Uncommon trap: reason=class_check action=maybe_recompile pc=0x000000010b6c5650 method=java.util.Properties$LineReader.readLine()I @ 62
Event: 8.624 Thread 0x00007fadb5000800 Uncommon trap: reason=class_check action=maybe_recompile pc=0x000000010b6c5650 method=java.util.Properties$LineReader.readLine()I @ 62
Event: 8.624 Thread 0x00007fadb5000800 Uncommon trap: reason=class_check action=maybe_recompile pc=0x000000010b6c5650 method=java.util.Properties$LineReader.readLine()I @ 62

Internal exceptions (10 events):
Event: 31.262 Thread 0x00007fadb5000800 Threw 0x00000007ab368b80 at /HUDSON/workspace/7u-2-build-macosx-x86_64/jdk7u71/1605/hotspot/src/share/vm/prims/jvm.cpp:1281
Event: 31.269 Thread 0x00007fadb5000800 Threw 0x00000007ab36dad0 at /HUDSON/workspace/7u-2-build-macosx-x86_64/jdk7u71/1605/hotspot/src/share/vm/prims/jvm.cpp:1281
Event: 31.276 Thread 0x00007fadb5000800 Threw 0x00000007ab3717b0 at /HUDSON/workspace/7u-2-build-macosx-x86_64/jdk7u71/1605/hotspot/src/share/vm/prims/jvm.cpp:1281
Event: 31.282 Thread 0x00007fadb5000800 Threw 0x00000007ab3758e8 at /HUDSON/workspace/7u-2-build-macosx-x86_64/jdk7u71/1605/hotspot/src/share/vm/prims/jvm.cpp:1281
Event: 31.287 Thread 0x00007fadb5000800 Threw 0x00000007ab37c450 at /HUDSON/workspace/7u-2-build-macosx-x86_64/jdk7u71/1605/hotspot/src/share/vm/prims/jvm.cpp:1281
Event: 31.293 Thread 0x00007fadb5000800 Threw 0x00000007ab37fed0 at /HUDSON/workspace/7u-2-build-macosx-x86_64/jdk7u71/1605/hotspot/src/share/vm/prims/jvm.cpp:1281
Event: 31.298 Thread 0x00007fadb5000800 Threw 0x00000007ab383990 at /HUDSON/workspace/7u-2-build-macosx-x86_64/jdk7u71/1605/hotspot/src/share/vm/prims/jvm.cpp:1281
Event: 31.303 Thread 0x00007fadb5000800 Threw 0x00000007ab387520 at /HUDSON/workspace/7u-2-build-macosx-x86_64/jdk7u71/1605/hotspot/src/share/vm/prims/jvm.cpp:1281
Event: 31.308 Thread 0x00007fadb5000800 Threw 0x00000007ab38aca8 at /HUDSON/workspace/7u-2-build-macosx-x86_64/jdk7u71/1605/hotspot/src/share/vm/prims/jvm.cpp:1281
Event: 31.311 Thread 0x00007fadb5000800 Threw 0x00000007ab38d4d0 at /HUDSON/workspace/7u-2-build-macosx-x86_64/jdk7u71/1605/hotspot/src/share/vm/interpreter/linkResolver.cpp:978

Events (10 events):
Event: 152.804 Executing VM operation: EnterInterpOnlyMode
Event: 152.804 Executing VM operation: EnterInterpOnlyMode done
Event: 152.804 Executing VM operation: GetCurrentLocation
Event: 152.804 Executing VM operation: GetCurrentLocation done
Event: 152.804 Executing VM operation: ChangeSingleStep
Event: 152.804 Executing VM operation: ChangeSingleStep done
Event: 152.805 Executing VM operation: ChangeSingleStep
Event: 152.805 Executing VM operation: ChangeSingleStep done
Event: 152.955 Executing VM operation: GetOrSetLocal
Event: 152.955 Executing VM operation: GetOrSetLocal done


Dynamic libraries:
0x0000000000bda000 	/System/Library/Frameworks/Cocoa.framework/Versions/A/Cocoa
0x0000000000bda000 	/System/Library/Frameworks/Security.framework/Versions/A/Security
0x0000000000bda000 	/System/Library/Frameworks/ApplicationServices.framework/Versions/A/ApplicationServices
0x0000000000bda000 	/usr/lib/libz.1.dylib
0x0000000000bda000 	/usr/lib/libSystem.B.dylib
0x0000000000bda000 	/usr/lib/libobjc.A.dylib
0x0000000000bda000 	/System/Library/Frameworks/CoreFoundation.framework/Versions/A/CoreFoundation
0x0000000000bda000 	/System/Library/Frameworks/Foundation.framework/Versions/C/Foundation
0x0000000000bda000 	/System/Library/Frameworks/AppKit.framework/Versions/C/AppKit
0x0000000000bda000 	/System/Library/Frameworks/CoreData.framework/Versions/A/CoreData
0x0000000000bda000 	/System/Library/PrivateFrameworks/RemoteViewServices.framework/Versions/A/RemoteViewServices
0x0000000000bda000 	/System/Library/PrivateFrameworks/UIFoundation.framework/Versions/A/UIFoundation
0x0000000000bda000 	/System/Library/Frameworks/IOSurface.framework/Versions/A/IOSurface
0x0000000000bda000 	/System/Library/Frameworks/AudioToolbox.framework/Versions/A/AudioToolbox
0x0000000000bda000 	/System/Library/Frameworks/AudioUnit.framework/Versions/A/AudioUnit
0x0000000000bda000 	/System/Library/PrivateFrameworks/DataDetectorsCore.framework/Versions/A/DataDetectorsCore
0x0000000000bda000 	/System/Library/PrivateFrameworks/DesktopServicesPriv.framework/Versions/A/DesktopServicesPriv
0x0000000000bda000 	/System/Library/Frameworks/Carbon.framework/Versions/A/Frameworks/HIToolbox.framework/Versions/A/HIToolbox
0x0000000000bda000 	/System/Library/Frameworks/QuartzCore.framework/Versions/A/QuartzCore
0x0000000000bda000 	/System/Library/Frameworks/Carbon.framework/Versions/A/Frameworks/SpeechRecognition.framework/Versions/A/SpeechRecognition
0x0000000000bda000 	/usr/lib/libauto.dylib
0x0000000000bda000 	/usr/lib/libicucore.A.dylib
0x0000000000bda000 	/usr/lib/libxml2.2.dylib
0x0000000000bda000 	/System/Library/PrivateFrameworks/CoreUI.framework/Versions/A/CoreUI
0x0000000000bda000 	/System/Library/Frameworks/CoreAudio.framework/Versions/A/CoreAudio
0x0000000000bda000 	/System/Library/Frameworks/DiskArbitration.framework/Versions/A/DiskArbitration
0x0000000000bda000 	/usr/lib/liblangid.dylib
0x0000000000bda000 	/System/Library/PrivateFrameworks/MultitouchSupport.framework/Versions/A/MultitouchSupport
0x0000000000bda000 	/System/Library/Frameworks/IOKit.framework/Versions/A/IOKit
0x0000000000bda000 	/usr/lib/libDiagnosticMessagesClient.dylib
0x0000000000bda000 	/System/Library/Frameworks/CoreServices.framework/Versions/A/CoreServices
0x0000000000bda000 	/System/Library/PrivateFrameworks/PerformanceAnalysis.framework/Versions/A/PerformanceAnalysis
0x0000000000bda000 	/System/Library/PrivateFrameworks/GenerationalStorage.framework/Versions/A/GenerationalStorage
0x0000000000bda000 	/System/Library/Frameworks/OpenGL.framework/Versions/A/OpenGL
0x0000000000bda000 	/System/Library/PrivateFrameworks/Sharing.framework/Versions/A/Sharing
0x0000000000bda000 	/System/Library/Frameworks/CoreGraphics.framework/Versions/A/CoreGraphics
0x0000000000bda000 	/System/Library/Frameworks/CoreText.framework/Versions/A/CoreText
0x0000000000bda000 	/System/Library/Frameworks/ImageIO.framework/Versions/A/ImageIO
0x0000000000bda000 	/usr/lib/libextension.dylib
0x0000000000bda000 	/System/Library/PrivateFrameworks/Backup.framework/Versions/A/Backup
0x0000000000bda000 	/usr/lib/libarchive.2.dylib
0x0000000000bda000 	/System/Library/Frameworks/CFNetwork.framework/Versions/A/CFNetwork
0x0000000000bda000 	/System/Library/Frameworks/SystemConfiguration.framework/Versions/A/SystemConfiguration
0x0000000000bda000 	/usr/lib/libCRFSuite.dylib
0x0000000000bda000 	/usr/lib/libc++.1.dylib
0x0000000000bda000 	/usr/lib/libc++abi.dylib
0x0000000000bda000 	/usr/lib/system/libcache.dylib
0x0000000000bda000 	/usr/lib/system/libcommonCrypto.dylib
0x0000000000bda000 	/usr/lib/system/libcompiler_rt.dylib
0x0000000000bda000 	/usr/lib/system/libcopyfile.dylib
0x0000000000bda000 	/usr/lib/system/libcorecrypto.dylib
0x0000000000bda000 	/usr/lib/system/libdispatch.dylib
0x0000000000bda000 	/usr/lib/system/libdyld.dylib
0x0000000000bda000 	/usr/lib/system/libkeymgr.dylib
0x0000000000bda000 	/usr/lib/system/liblaunch.dylib
0x0000000000bda000 	/usr/lib/system/libmacho.dylib
0x0000000000bda000 	/usr/lib/system/libquarantine.dylib
0x0000000000bda000 	/usr/lib/system/libremovefile.dylib
0x0000000000bda000 	/usr/lib/system/libsystem_asl.dylib
0x0000000000bda000 	/usr/lib/system/libsystem_blocks.dylib
0x0000000000bda000 	/usr/lib/system/libsystem_c.dylib
0x0000000000bda000 	/usr/lib/system/libsystem_configuration.dylib
0x0000000000bda000 	/usr/lib/system/libsystem_coreservices.dylib
0x0000000000bda000 	/usr/lib/system/libsystem_coretls.dylib
0x0000000000bda000 	/usr/lib/system/libsystem_dnssd.dylib
0x0000000000bda000 	/usr/lib/system/libsystem_info.dylib
0x0000000000bda000 	/usr/lib/system/libsystem_kernel.dylib
0x0000000000bda000 	/usr/lib/system/libsystem_m.dylib
0x0000000000bda000 	/usr/lib/system/libsystem_malloc.dylib
0x0000000000bda000 	/usr/lib/system/libsystem_network.dylib
0x0000000000bda000 	/usr/lib/system/libsystem_networkextension.dylib
0x0000000000bda000 	/usr/lib/system/libsystem_notify.dylib
0x0000000000bda000 	/usr/lib/system/libsystem_platform.dylib
0x0000000000bda000 	/usr/lib/system/libsystem_pthread.dylib
0x0000000000bda000 	/usr/lib/system/libsystem_sandbox.dylib
0x0000000000bda000 	/usr/lib/system/libsystem_secinit.dylib
0x0000000000bda000 	/usr/lib/system/libsystem_stats.dylib
0x0000000000bda000 	/usr/lib/system/libsystem_trace.dylib
0x0000000000bda000 	/usr/lib/system/libunc.dylib
0x0000000000bda000 	/usr/lib/system/libunwind.dylib
0x0000000000bda000 	/usr/lib/system/libxpc.dylib
0x0000000000bda000 	/usr/lib/libbz2.1.0.dylib
0x0000000000bda000 	/usr/lib/liblzma.5.dylib
0x0000000000bda000 	/usr/lib/libbsm.0.dylib
0x0000000000bda000 	/usr/lib/libsqlite3.dylib
0x0000000000bda000 	/usr/lib/system/libkxld.dylib
0x0000000000bda000 	/usr/lib/libxar.1.dylib
0x0000000000bda000 	/usr/lib/libpam.2.dylib
0x0000000000bda000 	/usr/lib/libOpenScriptingUtil.dylib
0x0000000000bda000 	/System/Library/Frameworks/CoreServices.framework/Versions/A/Frameworks/FSEvents.framework/Versions/A/FSEvents
0x0000000000bda000 	/System/Library/Frameworks/CoreServices.framework/Versions/A/Frameworks/CarbonCore.framework/Versions/A/CarbonCore
0x0000000000bda000 	/System/Library/Frameworks/CoreServices.framework/Versions/A/Frameworks/Metadata.framework/Versions/A/Metadata
0x0000000000bda000 	/System/Library/Frameworks/CoreServices.framework/Versions/A/Frameworks/OSServices.framework/Versions/A/OSServices
0x0000000000bda000 	/System/Library/Frameworks/CoreServices.framework/Versions/A/Frameworks/SearchKit.framework/Versions/A/SearchKit
0x0000000000bda000 	/System/Library/Frameworks/CoreServices.framework/Versions/A/Frameworks/AE.framework/Versions/A/AE
0x0000000000bda000 	/System/Library/Frameworks/CoreServices.framework/Versions/A/Frameworks/LaunchServices.framework/Versions/A/LaunchServices
0x0000000000bda000 	/System/Library/Frameworks/CoreServices.framework/Versions/A/Frameworks/DictionaryServices.framework/Versions/A/DictionaryServices
0x0000000000bda000 	/System/Library/Frameworks/NetFS.framework/Versions/A/NetFS
0x0000000000bda000 	/System/Library/PrivateFrameworks/NetAuth.framework/Versions/A/NetAuth
0x0000000000bda000 	/System/Library/PrivateFrameworks/login.framework/Versions/A/Frameworks/loginsupport.framework/Versions/A/loginsupport
0x0000000000bda000 	/System/Library/PrivateFrameworks/TCC.framework/Versions/A/TCC
0x0000000000bda000 	/usr/lib/libmecabra.dylib
0x0000000000bda000 	/System/Library/Frameworks/ApplicationServices.framework/Versions/A/Frameworks/ATS.framework/Versions/A/ATS
0x0000000000bda000 	/System/Library/Frameworks/ApplicationServices.framework/Versions/A/Frameworks/ColorSync.framework/Versions/A/ColorSync
0x0000000000bda000 	/System/Library/Frameworks/ApplicationServices.framework/Versions/A/Frameworks/HIServices.framework/Versions/A/HIServices
0x0000000000bda000 	/System/Library/Frameworks/ApplicationServices.framework/Versions/A/Frameworks/LangAnalysis.framework/Versions/A/LangAnalysis
0x0000000000bda000 	/System/Library/Frameworks/ApplicationServices.framework/Versions/A/Frameworks/PrintCore.framework/Versions/A/PrintCore
0x0000000000bda000 	/System/Library/Frameworks/ApplicationServices.framework/Versions/A/Frameworks/QD.framework/Versions/A/QD
0x0000000000bda000 	/System/Library/Frameworks/ApplicationServices.framework/Versions/A/Frameworks/SpeechSynthesis.framework/Versions/A/SpeechSynthesis
0x0000000000bda000 	/System/Library/Frameworks/Accelerate.framework/Versions/A/Accelerate
0x0000000000bda000 	/System/Library/Frameworks/Accelerate.framework/Versions/A/Frameworks/vImage.framework/Versions/A/vImage
0x0000000000bda000 	/System/Library/Frameworks/Accelerate.framework/Versions/A/Frameworks/vecLib.framework/Versions/A/vecLib
0x0000000000bda000 	/System/Library/Frameworks/Accelerate.framework/Versions/A/Frameworks/vecLib.framework/Versions/A/libvDSP.dylib
0x0000000000bda000 	/System/Library/Frameworks/Accelerate.framework/Versions/A/Frameworks/vecLib.framework/Versions/A/libvMisc.dylib
0x0000000000bda000 	/System/Library/Frameworks/Accelerate.framework/Versions/A/Frameworks/vecLib.framework/Versions/A/libLAPACK.dylib
0x0000000000bda000 	/System/Library/Frameworks/Accelerate.framework/Versions/A/Frameworks/vecLib.framework/Versions/A/libBLAS.dylib
0x0000000000bda000 	/System/Library/Frameworks/Accelerate.framework/Versions/A/Frameworks/vecLib.framework/Versions/A/libLinearAlgebra.dylib
0x0000000000bda000 	/System/Library/Frameworks/ApplicationServices.framework/Versions/A/Frameworks/ATS.framework/Versions/A/Resources/libFontParser.dylib
0x0000000000bda000 	/System/Library/Frameworks/ApplicationServices.framework/Versions/A/Frameworks/ATS.framework/Versions/A/Resources/libFontRegistry.dylib
0x0000000000bda000 	/System/Library/PrivateFrameworks/AppleVPA.framework/Versions/A/AppleVPA
0x0000000000bda000 	/System/Library/PrivateFrameworks/AppleJPEG.framework/Versions/A/AppleJPEG
0x0000000000bda000 	/System/Library/Frameworks/ImageIO.framework/Versions/A/Resources/libJPEG.dylib
0x0000000000bda000 	/System/Library/Frameworks/ImageIO.framework/Versions/A/Resources/libTIFF.dylib
0x0000000000bda000 	/System/Library/Frameworks/ImageIO.framework/Versions/A/Resources/libPng.dylib
0x0000000000bda000 	/System/Library/Frameworks/ImageIO.framework/Versions/A/Resources/libGIF.dylib
0x0000000000bda000 	/System/Library/Frameworks/ImageIO.framework/Versions/A/Resources/libJP2.dylib
0x0000000000bda000 	/System/Library/Frameworks/ImageIO.framework/Versions/A/Resources/libRadiance.dylib
0x0000000000bda000 	/System/Library/Frameworks/CoreVideo.framework/Versions/A/CoreVideo
0x0000000000bda000 	/System/Library/Frameworks/OpenGL.framework/Versions/A/Libraries/libGLU.dylib
0x0000000000bda000 	/System/Library/Frameworks/OpenGL.framework/Versions/A/Libraries/libGFXShared.dylib
0x0000000000bda000 	/System/Library/Frameworks/OpenGL.framework/Versions/A/Libraries/libGL.dylib
0x0000000000bda000 	/System/Library/Frameworks/OpenGL.framework/Versions/A/Libraries/libGLImage.dylib
0x0000000000bda000 	/System/Library/Frameworks/OpenGL.framework/Versions/A/Libraries/libCVMSPluginSupport.dylib
0x0000000000bda000 	/System/Library/Frameworks/OpenGL.framework/Versions/A/Libraries/libCoreVMClient.dylib
0x0000000000bda000 	/usr/lib/libcups.2.dylib
0x0000000000bda000 	/System/Library/Frameworks/Kerberos.framework/Versions/A/Kerberos
0x0000000000bda000 	/System/Library/Frameworks/GSS.framework/Versions/A/GSS
0x0000000000bda000 	/usr/lib/libresolv.9.dylib
0x0000000000bda000 	/usr/lib/libiconv.2.dylib
0x0000000000bda000 	/System/Library/PrivateFrameworks/Heimdal.framework/Versions/A/Heimdal
0x0000000000bda000 	/usr/lib/libheimdal-asn1.dylib
0x0000000000bda000 	/System/Library/Frameworks/OpenDirectory.framework/Versions/A/OpenDirectory
0x0000000000bda000 	/System/Library/PrivateFrameworks/CommonAuth.framework/Versions/A/CommonAuth
0x0000000000bda000 	/System/Library/Frameworks/OpenDirectory.framework/Versions/A/Frameworks/CFOpenDirectory.framework/Versions/A/CFOpenDirectory
0x0000000000bda000 	/System/Library/Frameworks/SecurityFoundation.framework/Versions/A/SecurityFoundation
0x0000000000bda000 	/System/Library/PrivateFrameworks/LanguageModeling.framework/Versions/A/LanguageModeling
0x0000000000bda000 	/usr/lib/libcmph.dylib
0x0000000000bda000 	/System/Library/Frameworks/ServiceManagement.framework/Versions/A/ServiceManagement
0x0000000000bda000 	/usr/lib/libxslt.1.dylib
0x0000000000bda000 	/System/Library/Frameworks/Carbon.framework/Versions/A/Frameworks/Ink.framework/Versions/A/Ink
0x0000000000bda000 	/System/Library/Frameworks/QuartzCore.framework/Versions/A/Frameworks/CoreImage.framework/Versions/A/CoreImage
0x0000000000bda000 	/System/Library/PrivateFrameworks/CrashReporterSupport.framework/Versions/A/CrashReporterSupport
0x0000000000bda000 	/System/Library/Frameworks/OpenCL.framework/Versions/A/OpenCL
0x0000000000bda000 	/System/Library/PrivateFrameworks/FaceCore.framework/Versions/A/FaceCore
0x0000000000bda000 	/System/Library/PrivateFrameworks/Ubiquity.framework/Versions/A/Ubiquity
0x0000000000bda000 	/System/Library/PrivateFrameworks/IconServices.framework/Versions/A/IconServices
0x0000000000bda000 	/System/Library/PrivateFrameworks/ChunkingLibrary.framework/Versions/A/ChunkingLibrary
0x0000000000bda000 	/System/Library/PrivateFrameworks/Apple80211.framework/Versions/A/Apple80211
0x0000000000bda000 	/System/Library/Frameworks/CoreWLAN.framework/Versions/A/CoreWLAN
0x0000000000bda000 	/System/Library/Frameworks/IOBluetooth.framework/Versions/A/IOBluetooth
0x0000000000bda000 	/System/Library/PrivateFrameworks/CoreWiFi.framework/Versions/A/CoreWiFi
0x0000000000bda000 	/System/Library/Frameworks/CoreBluetooth.framework/Versions/A/CoreBluetooth
0x0000000000bda000 	/System/Library/PrivateFrameworks/DebugSymbols.framework/Versions/A/DebugSymbols
0x0000000000bda000 	/System/Library/PrivateFrameworks/CoreSymbolication.framework/Versions/A/CoreSymbolication
0x0000000000bda000 	/System/Library/PrivateFrameworks/Symbolication.framework/Versions/A/Symbolication
0x0000000000bda000 	/System/Library/PrivateFrameworks/SpeechRecognitionCore.framework/Versions/A/SpeechRecognitionCore
0x0000000109946000 	/System/Library/CoreServices/Encodings/libSimplifiedChineseConverter.dylib
0x000000010ac00000 	/Library/Java/JavaVirtualMachines/jdk1.7.0_71.jdk/Contents/Home/jre/lib/server/libjvm.dylib
0x0000000000bda000 	/usr/lib/libstdc++.6.dylib
0x0000000109b26000 	/Library/Java/JavaVirtualMachines/jdk1.7.0_71.jdk/Contents/Home/jre/lib/libverify.dylib
0x0000000109b33000 	/Library/Java/JavaVirtualMachines/jdk1.7.0_71.jdk/Contents/Home/jre/lib/libjava.dylib
0x0000000109b64000 	/Library/Java/JavaVirtualMachines/jdk1.7.0_71.jdk/Contents/Home/jre/lib/libjdwp.dylib
0x0000000109ba1000 	/Library/Java/JavaVirtualMachines/jdk1.7.0_71.jdk/Contents/Home/jre/lib/libnpt.dylib
0x0000000109bae000 	/Library/Java/JavaVirtualMachines/jdk1.7.0_71.jdk/Contents/Home/jre/lib/libzip.dylib
0x0000000109be1000 	/System/Library/Frameworks/JavaVM.framework/Frameworks/JavaRuntimeSupport.framework/JavaRuntimeSupport
0x000000011aa04000 	/System/Library/Frameworks/JavaVM.framework/Versions/A/Frameworks/JavaNativeFoundation.framework/Versions/A/JavaNativeFoundation
0x000000011aa19000 	/System/Library/Frameworks/JavaVM.framework/Versions/A/JavaVM
0x0000000000bda000 	/System/Library/Frameworks/Carbon.framework/Versions/A/Carbon
0x000000011aa26000 	/System/Library/PrivateFrameworks/JavaLaunching.framework/Versions/A/JavaLaunching
0x0000000000bda000 	/System/Library/Frameworks/Carbon.framework/Versions/A/Frameworks/CommonPanels.framework/Versions/A/CommonPanels
0x0000000000bda000 	/System/Library/Frameworks/Carbon.framework/Versions/A/Frameworks/Help.framework/Versions/A/Help
0x0000000000bda000 	/System/Library/Frameworks/Carbon.framework/Versions/A/Frameworks/ImageCapture.framework/Versions/A/ImageCapture
0x0000000000bda000 	/System/Library/Frameworks/Carbon.framework/Versions/A/Frameworks/OpenScripting.framework/Versions/A/OpenScripting
0x0000000000bda000 	/System/Library/Frameworks/Carbon.framework/Versions/A/Frameworks/Print.framework/Versions/A/Print
0x0000000000bda000 	/System/Library/Frameworks/Carbon.framework/Versions/A/Frameworks/SecurityHI.framework/Versions/A/SecurityHI
0x000000011c332000 	/Library/Java/JavaVirtualMachines/jdk1.7.0_71.jdk/Contents/Home/jre/lib/libdt_socket.dylib
0x000000011aa3f000 	/Library/Java/JavaVirtualMachines/jdk1.7.0_71.jdk/Contents/Home/jre/lib/libnio.dylib
0x000000011aa4e000 	/Library/Java/JavaVirtualMachines/jdk1.7.0_71.jdk/Contents/Home/jre/lib/./libnet.dylib

VM Arguments:
jvm_args: -agentlib:jdwp=transport=dt_socket,suspend=y,address=localhost:54090 -Dfile.encoding=UTF-8 
java_command: updateStatus
Launcher Type: SUN_STANDARD

Environment Variables:
PATH=/usr/bin:/bin:/usr/sbin:/sbin
SHELL=/bin/bash
DISPLAY=/private/tmp/com.apple.launchd.BBFpVtsn31/org.macosforge.xquartz:0

Signal Handlers:
SIGSEGV: [libjvm.dylib+0x52c49d], sa_mask[0]=0xfffefeff, sa_flags=0x00000043
SIGBUS: [libjvm.dylib+0x52c49d], sa_mask[0]=0xfffefeff, sa_flags=0x00000042
SIGFPE: [libjvm.dylib+0x41e53a], sa_mask[0]=0xfffefeff, sa_flags=0x00000042
SIGPIPE: [libjvm.dylib+0x41e53a], sa_mask[0]=0xfffefeff, sa_flags=0x00000042
SIGXFSZ: [libjvm.dylib+0x41e53a], sa_mask[0]=0xfffefeff, sa_flags=0x00000042
SIGILL: [libjvm.dylib+0x41e53a], sa_mask[0]=0xfffefeff, sa_flags=0x00000042
SIGUSR1: SIG_DFL, sa_mask[0]=0x00000000, sa_flags=0x00000000
SIGUSR2: [libjvm.dylib+0x41e02c], sa_mask[0]=0x00000004, sa_flags=0x00000042
SIGHUP: [libjvm.dylib+0x41c2bd], sa_mask[0]=0xfffefeff, sa_flags=0x00000042
SIGINT: [libjvm.dylib+0x41c2bd], sa_mask[0]=0xfffefeff, sa_flags=0x00000042
SIGTERM: [libjvm.dylib+0x41c2bd], sa_mask[0]=0xfffefeff, sa_flags=0x00000042
SIGQUIT: [libjvm.dylib+0x41c2bd], sa_mask[0]=0xfffefeff, sa_flags=0x00000042


---------------  S Y S T E M  ---------------

OS:Bsduname:Darwin 14.1.0 Darwin Kernel Version 14.1.0: Thu Feb 26 19:26:47 PST 2015; root:xnu-2782.10.73~1/RELEASE_X86_64 x86_64
rlimit: STACK 8192k, CORE 0k, NPROC 709, NOFILE 10240, AS infinity
load average:1.85 1.81 1.88

CPU:total 8 (4 cores per cpu, 2 threads per core) family 6 model 70 stepping 1, cmov, cx8, fxsr, mmx, sse, sse2, sse3, ssse3, sse4.1, sse4.2, popcnt, avx, avx2, aes, erms, ht, tsc, tscinvbit

Memory: 4k page, physical 16777216k(4194304k free)

/proc/meminfo:


vm_info: Java HotSpot(TM) 64-Bit Server VM (24.71-b01) for bsd-amd64 JRE (1.7.0_71-b14), built on Sep 26 2014 16:11:44 by "java_re" with gcc 4.2.1 (Based on Apple Inc. build 5658) (LLVM build 2336.11.00)

time: Thu Mar 26 03:29:51 2015
elapsed time: 153 seconds

